<?xml version="1.0" encoding="UTF-8"?>
<TestRun id="d11aa45f-e6b0-4758-82a1-f5e1d3ebd12e" name="mpostol@CASMP 2012-06-12 10:33:01" runUser="HQ\mpostol" xmlns="http://microsoft.com/schemas/VisualStudio/TeamTest/2010">
  <TestSettings name="Local" id="59864642-566f-4d44-be71-3968b6e863f9">
    <Description>These are default test settings for a local test run.</Description>
    <Deployment userDeploymentRoot="C:\vs\Projects\SmartFactory\PR42-SmartFactory\TestResults" useDefaultDeploymentRoot="false" enabled="false" runDeploymentRoot="mpostol_CASMP 2012-06-12 10_33_01">
      <DeploymentItem filename="C:\vs\Projects\SmartFactory\PR42-SmartFactory\IPRWorkflow\bin\Release\CAS.SmartFactory.IPR.dll" />
      <DeploymentItem filename="C:\vs\Projects\SmartFactory\PR42-SmartFactory\IPRExternalData\bin\Release\CAS.SmartFactory.xml.dll" />
    </Deployment>
    <Execution>
      <TestTypeSpecific />
      <AgentRule name="Execution Agents">
      </AgentRule>
    </Execution>
  </TestSettings>
  <Times creation="2012-06-12T10:33:01.2075851+02:00" queuing="2012-06-12T10:33:01.3825851+02:00" start="2012-06-12T10:33:01.4465851+02:00" finish="2012-06-12T10:33:02.1535851+02:00" />
  <ResultSummary outcome="Inconclusive">
    <Counters total="1" executed="1" error="0" failed="0" timeout="0" aborted="0" inconclusive="1" passedButRunAborted="0" notRunnable="0" notExecuted="0" disconnected="0" warning="0" passed="0" completed="0" inProgress="0" pending="0" />
  </ResultSummary>
  <TestDefinitions>
    <UnitTest name="SPValidSubstringTest" storage="c:\vs\projects\smartfactory\pr42-smartfactory\iprworkflowsunittests\bin\release\iprworkflowsunittests.dll" id="2397cc94-c0bb-4255-7081-faa5b2f8ec6a">
      <Execution id="30d468fb-c1a0-40c1-b781-4d8f975200c8" />
      <TestMethod codeBase="C:/vs/Projects/SmartFactory/PR42-SmartFactory/IPRWorkflowsUnitTests/bin/Release/IPRWorkflowsUnitTests.DLL" adapterTypeName="Microsoft.VisualStudio.TestTools.TestTypes.Unit.UnitTestAdapter, Microsoft.VisualStudio.QualityTools.Tips.UnitTest.Adapter, Version=10.0.0.0, Culture=neutral, PublicKeyToken=b03f5f7f11d50a3a" className="IPRWorkflowsUnitTests.ExtensionsTest, IPRWorkflowsUnitTests, Version=1.0.0.0, Culture=neutral, PublicKeyToken=null" name="SPValidSubstringTest" />
    </UnitTest>
  </TestDefinitions>
  <TestLists>
    <TestList name="Results Not in a List" id="8c84fa94-04c1-424b-9868-57a2d4851a1d" />
    <TestList name="All Loaded Results" id="19431567-8539-422a-85d7-44ee4e166bda" />
  </TestLists>
  <TestEntries>
    <TestEntry testId="2397cc94-c0bb-4255-7081-faa5b2f8ec6a" executionId="30d468fb-c1a0-40c1-b781-4d8f975200c8" testListId="8c84fa94-04c1-424b-9868-57a2d4851a1d" />
  </TestEntries>
  <Results>
    <UnitTestResult executionId="30d468fb-c1a0-40c1-b781-4d8f975200c8" testId="2397cc94-c0bb-4255-7081-faa5b2f8ec6a" testName="SPValidSubstringTest" computerName="CASMP" duration="00:00:00.3073339" startTime="2012-06-12T10:33:01.5055851+02:00" endTime="2012-06-12T10:33:02.1345851+02:00" testType="13cdc9d9-ddb5-4fa4-a97d-d965ccfc6d4b" outcome="Inconclusive" testListId="8c84fa94-04c1-424b-9868-57a2d4851a1d" relativeResultsDirectory="30d468fb-c1a0-40c1-b781-4d8f975200c8">
      <Output>
        <ErrorInfo>
          <Message>Assert.Inconclusive failed. Verify the correctness of this test method.</Message>
          <StackTrace>   w IPRWorkflowsUnitTests.ExtensionsTest.SPValidSubstringTest() w C:\vs\Projects\SmartFactory\PR42-SmartFactory\IPRWorkflowsUnitTests\ExtensionsTest.cs:wiersz 80
</StackTrace>
        </ErrorInfo>
      </Output>
    </UnitTestResult>
  </Results>
</TestRun>