<?xml version="1.0" encoding="UTF-8"?>
<TestRun id="0fd2e231-f323-4c80-8a93-673d4ccc98ab" name="mpostol@CASMP 2012-06-12 10:42:36" runUser="HQ\mpostol" xmlns="http://microsoft.com/schemas/VisualStudio/TeamTest/2010">
  <TestSettings name="Local" id="59864642-566f-4d44-be71-3968b6e863f9">
    <Description>These are default test settings for a local test run.</Description>
    <Deployment userDeploymentRoot="C:\vs\Projects\SmartFactory\PR42-SmartFactory\TestResults" useDefaultDeploymentRoot="false" enabled="false" runDeploymentRoot="mpostol_CASMP 2012-06-12 10_42_36">
      <DeploymentItem filename="C:\vs\Projects\SmartFactory\PR42-SmartFactory\IPRWorkflow\bin\Release\CAS.SmartFactory.IPR.dll" />
      <DeploymentItem filename="C:\vs\Projects\SmartFactory\PR42-SmartFactory\IPRExternalData\bin\Release\CAS.SmartFactory.xml.dll" />
    </Deployment>
    <Execution>
      <TestTypeSpecific />
      <AgentRule name="Execution Agents">
      </AgentRule>
    </Execution>
  </TestSettings>
  <Times creation="2012-06-12T10:42:36.6738537+02:00" queuing="2012-06-12T10:42:38.7862761+02:00" start="2012-06-12T10:42:39.0813351+02:00" finish="2012-06-12T10:43:26.8118793+02:00" />
  <ResultSummary outcome="Completed">
    <Counters total="1" executed="1" passed="1" error="0" failed="0" timeout="0" aborted="0" inconclusive="0" passedButRunAborted="0" notRunnable="0" notExecuted="0" disconnected="0" warning="0" completed="0" inProgress="0" pending="0" />
  </ResultSummary>
  <TestDefinitions>
    <UnitTest name="SPValidSubstringTest" storage="c:\vs\projects\smartfactory\pr42-smartfactory\iprworkflowsunittests\bin\release\iprworkflowsunittests.dll" id="2397cc94-c0bb-4255-7081-faa5b2f8ec6a">
      <Execution id="9027edef-6a7a-48f4-8625-eabeb22dce16" />
      <TestMethod codeBase="C:/vs/Projects/SmartFactory/PR42-SmartFactory/IPRWorkflowsUnitTests/bin/Release/IPRWorkflowsUnitTests.DLL" adapterTypeName="Microsoft.VisualStudio.TestTools.TestTypes.Unit.UnitTestAdapter, Microsoft.VisualStudio.QualityTools.Tips.UnitTest.Adapter, Version=10.0.0.0, Culture=neutral, PublicKeyToken=b03f5f7f11d50a3a" className="IPRWorkflowsUnitTests.ExtensionsTest, IPRWorkflowsUnitTests, Version=1.0.0.0, Culture=neutral, PublicKeyToken=null" name="SPValidSubstringTest" />
    </UnitTest>
  </TestDefinitions>
  <TestLists>
    <TestList name="Results Not in a List" id="8c84fa94-04c1-424b-9868-57a2d4851a1d" />
    <TestList name="All Loaded Results" id="19431567-8539-422a-85d7-44ee4e166bda" />
  </TestLists>
  <TestEntries>
    <TestEntry testId="2397cc94-c0bb-4255-7081-faa5b2f8ec6a" executionId="9027edef-6a7a-48f4-8625-eabeb22dce16" testListId="8c84fa94-04c1-424b-9868-57a2d4851a1d" />
  </TestEntries>
  <Results>
    <UnitTestResult executionId="9027edef-6a7a-48f4-8625-eabeb22dce16" testId="2397cc94-c0bb-4255-7081-faa5b2f8ec6a" testName="SPValidSubstringTest" computerName="CASMP" duration="00:00:43.8244521" startTime="2012-06-12T10:42:39.3303849+02:00" endTime="2012-06-12T10:43:26.6058381+02:00" testType="13cdc9d9-ddb5-4fa4-a97d-d965ccfc6d4b" outcome="Passed" testListId="8c84fa94-04c1-424b-9868-57a2d4851a1d" relativeResultsDirectory="9027edef-6a7a-48f4-8625-eabeb22dce16">
    </UnitTestResult>
  </Results>
</TestRun>