<?xml version="1.0" encoding="UTF-8"?>
<TestRun id="7b83fdfb-1927-4dba-9787-46a7fe98e47c" name="mpostol@CASMP 2012-06-12 15:07:31" runUser="HQ\mpostol" xmlns="http://microsoft.com/schemas/VisualStudio/TeamTest/2010">
  <TestSettings name="Local" id="59864642-566f-4d44-be71-3968b6e863f9">
    <Description>These are default test settings for a local test run.</Description>
    <Deployment enabled="false" runDeploymentRoot="mpostol_CASMP 2012-06-12 15_07_31">
      <DeploymentItem filename="C:\vs\Projects\SmartFactory\PR42-SmartFactory\IPRWorkflow\bin\Release\CAS.SmartFactory.IPR.dll" />
      <DeploymentItem filename="C:\vs\Projects\SmartFactory\PR42-SmartFactory\IPRExternalData\bin\Release\CAS.SmartFactory.xml.dll" />
    </Deployment>
    <Execution>
      <TestTypeSpecific />
      <AgentRule name="Execution Agents">
      </AgentRule>
    </Execution>
  </TestSettings>
  <Times creation="2012-06-12T15:07:31.2357869+02:00" queuing="2012-06-12T15:07:31.3187952+02:00" start="2012-06-12T15:07:31.5438177+02:00" finish="2012-06-12T15:07:31.8418475+02:00" />
  <ResultSummary outcome="Completed">
    <Counters total="2" executed="2" passed="2" error="0" failed="0" timeout="0" aborted="0" inconclusive="0" passedButRunAborted="0" notRunnable="0" notExecuted="0" disconnected="0" warning="0" completed="0" inProgress="0" pending="0" />
  </ResultSummary>
  <TestDefinitions>
    <UnitTest name="SPValidSubstringTest" storage="c:\vs\projects\smartfactory\pr42-smartfactory\iprworkflowsunittests\bin\release\iprworkflowsunittests.dll" id="2397cc94-c0bb-4255-7081-faa5b2f8ec6a">
      <Execution id="1af7c55a-42aa-4807-926d-e30f3c651ea5" />
      <TestMethod codeBase="C:/vs/Projects/SmartFactory/PR42-SmartFactory/IPRWorkflowsUnitTests/bin/Release/IPRWorkflowsUnitTests.DLL" adapterTypeName="Microsoft.VisualStudio.TestTools.TestTypes.Unit.UnitTestAdapter, Microsoft.VisualStudio.QualityTools.Tips.UnitTest.Adapter, Version=10.0.0.0, Culture=neutral, PublicKeyToken=b03f5f7f11d50a3a" className="IPRWorkflowsUnitTests.ExtensionsTest, IPRWorkflowsUnitTests, Version=1.0.0.0, Culture=neutral, PublicKeyToken=null" name="SPValidSubstringTest" />
    </UnitTest>
    <UnitTest name="GetFirstCaptureTest" storage="c:\vs\projects\smartfactory\pr42-smartfactory\iprworkflowsunittests\bin\release\iprworkflowsunittests.dll" id="e51b90ae-b416-76b3-c258-9b6836fc6702">
      <Execution id="e2576602-58df-4b50-be57-0de5a7194c87" />
      <TestMethod codeBase="C:/vs/Projects/SmartFactory/PR42-SmartFactory/IPRWorkflowsUnitTests/bin/Release/IPRWorkflowsUnitTests.DLL" adapterTypeName="Microsoft.VisualStudio.TestTools.TestTypes.Unit.UnitTestAdapter, Microsoft.VisualStudio.QualityTools.Tips.UnitTest.Adapter, Version=10.0.0.0, Culture=neutral, PublicKeyToken=b03f5f7f11d50a3a" className="IPRWorkflowsUnitTests.ExtensionsTest, IPRWorkflowsUnitTests, Version=1.0.0.0, Culture=neutral, PublicKeyToken=null" name="GetFirstCaptureTest" />
    </UnitTest>
  </TestDefinitions>
  <TestLists>
    <TestList name="Results Not in a List" id="8c84fa94-04c1-424b-9868-57a2d4851a1d" />
    <TestList name="All Loaded Results" id="19431567-8539-422a-85d7-44ee4e166bda" />
  </TestLists>
  <TestEntries>
    <TestEntry testId="2397cc94-c0bb-4255-7081-faa5b2f8ec6a" executionId="1af7c55a-42aa-4807-926d-e30f3c651ea5" testListId="8c84fa94-04c1-424b-9868-57a2d4851a1d" />
    <TestEntry testId="e51b90ae-b416-76b3-c258-9b6836fc6702" executionId="e2576602-58df-4b50-be57-0de5a7194c87" testListId="8c84fa94-04c1-424b-9868-57a2d4851a1d" />
  </TestEntries>
  <Results>
    <UnitTestResult executionId="1af7c55a-42aa-4807-926d-e30f3c651ea5" testId="2397cc94-c0bb-4255-7081-faa5b2f8ec6a" testName="SPValidSubstringTest" computerName="CASMP" duration="00:00:00.0974046" startTime="2012-06-12T15:07:31.3407974+02:00" endTime="2012-06-12T15:07:31.7928426+02:00" testType="13cdc9d9-ddb5-4fa4-a97d-d965ccfc6d4b" outcome="Passed" testListId="8c84fa94-04c1-424b-9868-57a2d4851a1d" relativeResultsDirectory="1af7c55a-42aa-4807-926d-e30f3c651ea5">
    </UnitTestResult>
    <UnitTestResult executionId="e2576602-58df-4b50-be57-0de5a7194c87" testId="e51b90ae-b416-76b3-c258-9b6836fc6702" testName="GetFirstCaptureTest" computerName="CASMP" duration="00:00:00.0021852" startTime="2012-06-12T15:07:31.7988432+02:00" endTime="2012-06-12T15:07:31.8148448+02:00" testType="13cdc9d9-ddb5-4fa4-a97d-d965ccfc6d4b" outcome="Passed" testListId="8c84fa94-04c1-424b-9868-57a2d4851a1d" relativeResultsDirectory="e2576602-58df-4b50-be57-0de5a7194c87">
    </UnitTestResult>
  </Results>
</TestRun>