<?xml version="1.0" encoding="UTF-8"?>
<TestRun id="f14b25a4-34e3-4a80-9860-c569ab7480a6" name="mpostol@CASMP 2012-06-12 10:31:46" runUser="HQ\mpostol" xmlns="http://microsoft.com/schemas/VisualStudio/TeamTest/2010">
  <TestSettings name="Local" id="59864642-566f-4d44-be71-3968b6e863f9">
    <Description>These are default test settings for a local test run.</Description>
    <Deployment enabled="false" runDeploymentRoot="mpostol_CASMP 2012-06-12 10_31_46">
      <DeploymentItem filename="C:\vs\Projects\SmartFactory\PR42-SmartFactory\IPRWorkflow\bin\Release\CAS.SmartFactory.IPR.dll" />
      <DeploymentItem filename="C:\vs\Projects\SmartFactory\PR42-SmartFactory\IPRExternalData\bin\Release\CAS.SmartFactory.xml.dll" />
    </Deployment>
    <Execution>
      <TestTypeSpecific />
      <AgentRule name="Execution Agents">
      </AgentRule>
    </Execution>
  </TestSettings>
  <Times creation="2012-06-12T10:31:46.9785851+02:00" queuing="2012-06-12T10:32:05.6015851+02:00" start="2012-06-12T10:32:06.4085851+02:00" finish="2012-06-12T10:32:12.6215851+02:00" />
  <ResultSummary outcome="Failed">
    <Counters total="1" executed="1" error="0" failed="1" timeout="0" aborted="0" inconclusive="0" passedButRunAborted="0" notRunnable="0" notExecuted="0" disconnected="0" warning="0" passed="0" completed="0" inProgress="0" pending="0" />
  </ResultSummary>
  <TestDefinitions>
    <UnitTest name="SPValidSubstringTest" storage="c:\vs\projects\smartfactory\pr42-smartfactory\iprworkflowsunittests\bin\release\iprworkflowsunittests.dll" id="2397cc94-c0bb-4255-7081-faa5b2f8ec6a">
      <Execution id="31587ca6-2de7-4297-a80a-2fbe915a08f0" />
      <TestMethod codeBase="C:/vs/Projects/SmartFactory/PR42-SmartFactory/IPRWorkflowsUnitTests/bin/Release/IPRWorkflowsUnitTests.DLL" adapterTypeName="Microsoft.VisualStudio.TestTools.TestTypes.Unit.UnitTestAdapter, Microsoft.VisualStudio.QualityTools.Tips.UnitTest.Adapter, Version=10.0.0.0, Culture=neutral, PublicKeyToken=b03f5f7f11d50a3a" className="IPRWorkflowsUnitTests.ExtensionsTest, IPRWorkflowsUnitTests, Version=1.0.0.0, Culture=neutral, PublicKeyToken=null" name="SPValidSubstringTest" />
    </UnitTest>
  </TestDefinitions>
  <TestLists>
    <TestList name="Results Not in a List" id="8c84fa94-04c1-424b-9868-57a2d4851a1d" />
    <TestList name="All Loaded Results" id="19431567-8539-422a-85d7-44ee4e166bda" />
  </TestLists>
  <TestEntries>
    <TestEntry testId="2397cc94-c0bb-4255-7081-faa5b2f8ec6a" executionId="31587ca6-2de7-4297-a80a-2fbe915a08f0" testListId="8c84fa94-04c1-424b-9868-57a2d4851a1d" />
  </TestEntries>
  <Results>
    <UnitTestResult executionId="31587ca6-2de7-4297-a80a-2fbe915a08f0" testId="2397cc94-c0bb-4255-7081-faa5b2f8ec6a" testName="SPValidSubstringTest" computerName="CASMP" duration="00:00:02.7179660" startTime="2012-06-12T10:32:06.8475851+02:00" endTime="2012-06-12T10:32:12.4025851+02:00" testType="13cdc9d9-ddb5-4fa4-a97d-d965ccfc6d4b" outcome="Failed" testListId="8c84fa94-04c1-424b-9868-57a2d4851a1d" relativeResultsDirectory="31587ca6-2de7-4297-a80a-2fbe915a08f0">
      <Output>
        <ErrorInfo>
          <Message>Assert.IsTrue failed. Text should not contain double spaces</Message>
          <StackTrace>   w IPRWorkflowsUnitTests.ExtensionsTest.SPValidSubstringTest() w C:\vs\Projects\SmartFactory\PR42-SmartFactory\IPRWorkflowsUnitTests\ExtensionsTest.cs:wiersz 77
</StackTrace>
        </ErrorInfo>
      </Output>
    </UnitTestResult>
  </Results>
</TestRun>